<?xml version="1.0" encoding="UTF-8"?>
<!-- Generated by org.testng.reporters.JUnitReportReporter -->
<testsuite skipped="0" hostname="DESKTOP-H5NOQRE" name="org.testing.SnapDealTest" tests="3" failures="0" timestamp="08 Nov 2022 06:20:55 GMT" time="6.793" errors="0">
  <testcase name="test2" time="0.004" classname="org.testing.SnapDealTest"/>
  <testcase name="test1" time="4.909" classname="org.testing.SnapDealTest"/>
  <testcase name="test3" time="1.880" classname="org.testing.SnapDealTest"/>
</testsuite> <!-- org.testing.SnapDealTest -->
