<?xml version="1.0" encoding="UTF-8"?>
<!-- Generated by org.testng.reporters.JUnitReportReporter -->
<testsuite skipped="0" hostname="DESKTOP-H5NOQRE" name="org.testing.FlipkartTest" tests="1" failures="0" timestamp="04 Nov 2022 16:49:34 GMT" time="0.008" errors="0">
  <testcase name="test1" time="0.008" classname="org.testing.FlipkartTest"/>
</testsuite> <!-- org.testing.FlipkartTest -->
